<?xml version="1.0" encoding="UTF-8"?>
<!-- Generated by org.testng.reporters.JUnitReportReporter -->
<testsuite skipped="0" hostname="hp-PC" name="TestNG.addreessbook" tests="1" failures="0" timestamp="2020-08-24T08:52:17 IST" time="77.678" errors="0">
  <testcase name="veifySaveMethod" time="77.678" classname="TestNG.addreessbook"/>
  <system-out/>
</testsuite> <!-- TestNG.addreessbook -->
